Using pre-set license
Built from 'trunk' branch; Version is '2021.1.0a4 (7d39c812e75a) revision 8206792'; Using compiler version '192528614'; Build Type 'Release'
OS: 'Windows 7  (6.1.0) 64bit' Language: 'pt' Physical Memory: 7769 MB
BatchMode: 1, IsHumanControllingUs: 0, StartBugReporterOnCrash: 0, Is64bit: 1, IsPro: 0

 COMMAND LINE ARGUMENTS:
C:\Program Files\Unity\Hub\Editor\2021.1.0a4\Editor\Unity.exe
-adb2
-batchMode
-noUpm
-name
AssetImportWorker0
-projectPath
C:/Users/Gabriel_Lopes/Downloads/Unisul/GameDesign/Avaliacao
-logFile
Logs/AssetImportWorker0.log
-srvPort
51034
Successfully changed project path to: C:/Users/Gabriel_Lopes/Downloads/Unisul/GameDesign/Avaliacao
C:/Users/Gabriel_Lopes/Downloads/Unisul/GameDesign/Avaliacao
Using Asset Import Pipeline V2.
Refreshing native plugins compatible for Editor in 437.37 ms, found 1 plugins.
Preloading 0 native plugins for Editor in 0.00 ms.
Initialize engine version: 2021.1.0a4 (7d39c812e75a)
[Subsystems] Discovering subsystems at path C:/Program Files/Unity/Hub/Editor/2021.1.0a4/Editor/Data/Resources/UnitySubsystems
[Subsystems] Discovering subsystems at path C:/Users/Gabriel_Lopes/Downloads/Unisul/GameDesign/Avaliacao/Assets
GfxDevice: creating device client; threaded=0; jobified=0
d3d11: CreateDXGIFactory2(...) not found, fallbacking to CreateDXGIFactory1(...).
d3d11: QueryInterface(IDXGIFactory5) failed (80004002).
Direct3D:
    Version:  Direct3D 11.0 [level 11.0]
    Renderer: AMD Radeon HD 6290 Graphics (ID=0x9807)
    Vendor:   
    VRAM:     2183 MB
    Driver:   15.201.1101.1003
Initialize mono
Mono path[0] = 'C:/Program Files/Unity/Hub/Editor/2021.1.0a4/Editor/Data/Managed'
Mono path[1] = 'C:/Program Files/Unity/Hub/Editor/2021.1.0a4/Editor/Data/MonoBleedingEdge/lib/mono/unityjit'
Mono config path = 'C:/Program Files/Unity/Hub/Editor/2021.1.0a4/Editor/Data/MonoBleedingEdge/etc'
Using monoOptions --debugger-agent=transport=dt_socket,embedding=1,server=y,suspend=n,address=127.0.0.1:56964
Begin MonoManager ReloadAssembly
Registering precompiled unity dll's ...
Register platform support module: C:/Program Files/Unity/Hub/Editor/2021.1.0a4/Editor/Data/PlaybackEngines/WindowsStandaloneSupport/UnityEditor.WindowsStandalone.Extensions.dll
Registered in 0.013264 seconds.
Native extension for WindowsStandalone target not found
Refreshing native plugins compatible for Editor in 378.13 ms, found 1 plugins.
Preloading 0 native plugins for Editor in 0.00 ms.
Invoked RoslynAnalysisRunner static constructor.
RoslynAnalysisRunner will not be running.
RoslynAnalysisRunner has terminated.
Mono: successfully reloaded assembly
- Completed reload, in 18.973 seconds
Platform modules already initialized, skipping
Registering precompiled user dll's ...
Registered in 0.007872 seconds.
